

Version:	3.50
CmdLine:	C:\Users\loren\IdeaProjects\Roulering\out\artifacts\Roulering_jar\Roulering.exe --l4j-debug
JNI:		No
WOW64:		Yes
Working dir:	C:\Users\loren\IdeaProjects\Roulering\out\artifacts\Roulering_jar\.
Requires JDK:	No
Requires 64-Bit: No
Java min ver:	
Java max ver:	
Substitute:	JAVA_HOME = 
Substitute:	PATH = C:\Program Files\Zulu\zulu-17\bin\;C:\Program Files (x86)\Common Files\Oracle\Java\javapath;C:\WINDOWS\system32;C:\WINDOWS;C:\WINDOWS\System32\Wbem;C:\WINDOWS\System32\WindowsPowerShell\v1.0\;C:\WINDOWS\System32\OpenSSH\;C:\Program Files (x86)\QuickTime\QTSystem\;C:\Program Files\Git\cmd;C:\Users\loren\AppData\Local\Microsoft\WindowsApps;C:\Program Files\JetBrains\IntelliJ IDEA Community Edition 2022.2.1\bin;C:\Program Files\Java\jre1.8.0_291\bin
JRE paths:	;C:\Program Files\Zulu\zulu-17\bin\;C:\Program Files (x86)\Common Files\Oracle\Java\javapath;C:\WINDOWS\system32;C:\WINDOWS;C:\WINDOWS\System32\Wbem;C:\WINDOWS\System32\WindowsPowerShell\v1.0\;C:\WINDOWS\System32\OpenSSH\;C:\Program Files (x86)\QuickTime\QTSystem\;C:\Program Files\Git\cmd;C:\Users\loren\AppData\Local\Microsoft\WindowsApps;C:\Program Files\JetBrains\IntelliJ IDEA Community Edition 2022.2.1\bin;C:\Program Files\Java\jre1.8.0_291\bin
Check launcher:	C:\Program Files\Zulu\zulu-17\bin\bin\javaw.exe (not found)
Check launcher:	C:\Program Files (x86)\Common Files\Oracle\Java\javapath\bin\javaw.exe (not found)
Check launcher:	C:\WINDOWS\system32\bin\javaw.exe (not found)
Check launcher:	C:\WINDOWS\bin\javaw.exe (not found)
Check launcher:	C:\WINDOWS\System32\Wbem\bin\javaw.exe (not found)
Check launcher:	C:\WINDOWS\System32\WindowsPowerShell\v1.0\bin\javaw.exe (not found)
Check launcher:	C:\WINDOWS\System32\OpenSSH\bin\javaw.exe (not found)
Check launcher:	C:\Program Files (x86)\QuickTime\QTSystem\bin\javaw.exe (not found)
Check launcher:	C:\Program Files\Git\cmd\bin\javaw.exe (not found)
Check launcher:	C:\Users\loren\AppData\Local\Microsoft\WindowsApps\bin\javaw.exe (not found)
Check launcher:	C:\Program Files\JetBrains\IntelliJ IDEA Community Edition 2022.2.1\bin\javaw.exe (not found)
Check launcher:	C:\Program Files\Java\jre1.8.0_291\bin\javaw.exe (OK)
Version string: 1.008.000_291 / 64-Bit (OK)
Launcher:	C:\Program Files\Java\jre1.8.0_291\bin\javaw.exe
Launcher args:	-jar "C:\Users\loren\IdeaProjects\Roulering\out\artifacts\Roulering_jar\Roulering.exe"
Args length:	86/32768 chars
Exit code:	0


Version:	3.50
CmdLine:	C:\Users\loren\IdeaProjects\Roulering\out\artifacts\Roulering_jar\Roulering.exe --l4j-debug
JNI:		No
WOW64:		Yes
Working dir:	C:\Users\loren\IdeaProjects\Roulering\out\artifacts\Roulering_jar\.
Requires JDK:	No
Requires 64-Bit: No
Java min ver:	
Java max ver:	
Substitute:	JAVA_HOME = 
Substitute:	PATH = C:\Program Files (x86)\Common Files\Oracle\Java\javapath;C:\Program Files\Zulu\zulu-17\bin\;C:\WINDOWS\system32;C:\WINDOWS;C:\WINDOWS\System32\Wbem;C:\WINDOWS\System32\WindowsPowerShell\v1.0\;C:\WINDOWS\System32\OpenSSH\;C:\Program Files (x86)\QuickTime\QTSystem\;C:\Program Files\Git\cmd;C:\Users\loren\AppData\Local\Microsoft\WindowsApps;;C:\Program Files\JetBrains\IntelliJ IDEA Community Edition 2022.2.1\bin;;C:\Program Files\Java\jre-1.8\bin
JRE paths:	;C:\Program Files (x86)\Common Files\Oracle\Java\javapath;C:\Program Files\Zulu\zulu-17\bin\;C:\WINDOWS\system32;C:\WINDOWS;C:\WINDOWS\System32\Wbem;C:\WINDOWS\System32\WindowsPowerShell\v1.0\;C:\WINDOWS\System32\OpenSSH\;C:\Program Files (x86)\QuickTime\QTSystem\;C:\Program Files\Git\cmd;C:\Users\loren\AppData\Local\Microsoft\WindowsApps;;C:\Program Files\JetBrains\IntelliJ IDEA Community Edition 2022.2.1\bin;;C:\Program Files\Java\jre-1.8\bin
Check launcher:	C:\Program Files (x86)\Common Files\Oracle\Java\javapath\bin\javaw.exe (not found)
Check launcher:	C:\Program Files\Zulu\zulu-17\bin\bin\javaw.exe (not found)
Check launcher:	C:\WINDOWS\system32\bin\javaw.exe (not found)
Check launcher:	C:\WINDOWS\bin\javaw.exe (not found)
Check launcher:	C:\WINDOWS\System32\Wbem\bin\javaw.exe (not found)
Check launcher:	C:\WINDOWS\System32\WindowsPowerShell\v1.0\bin\javaw.exe (not found)
Check launcher:	C:\WINDOWS\System32\OpenSSH\bin\javaw.exe (not found)
Check launcher:	C:\Program Files (x86)\QuickTime\QTSystem\bin\javaw.exe (not found)
Check launcher:	C:\Program Files\Git\cmd\bin\javaw.exe (not found)
Check launcher:	C:\Users\loren\AppData\Local\Microsoft\WindowsApps\bin\javaw.exe (not found)
Check launcher:	C:\Program Files\JetBrains\IntelliJ IDEA Community Edition 2022.2.1\bin\javaw.exe (not found)
Check launcher:	C:\Program Files\Java\jre-1.8\bin\javaw.exe (OK)
Version string: 1.008.000_381 / 64-Bit (OK)
Launcher:	C:\Program Files\Java\jre-1.8\bin\javaw.exe
Launcher args:	-jar "C:\Users\loren\IdeaProjects\Roulering\out\artifacts\Roulering_jar\Roulering.exe"
Args length:	86/32768 chars
Exit code:	0


Version:	3.50
CmdLine:	C:\Users\loren\IdeaProjects\Roulering\out\artifacts\Roulering_jar\Roulering.exe --l4j-debug
JNI:		No
WOW64:		Yes
Working dir:	C:\Users\loren\IdeaProjects\Roulering\out\artifacts\Roulering_jar\.
Requires JDK:	No
Requires 64-Bit: No
Java min ver:	
Java max ver:	
Substitute:	JAVA_HOME = 
Substitute:	PATH = C:\Program Files (x86)\Common Files\Oracle\Java\javapath;C:\Program Files\Zulu\zulu-17\bin\;C:\WINDOWS\system32;C:\WINDOWS;C:\WINDOWS\System32\Wbem;C:\WINDOWS\System32\WindowsPowerShell\v1.0\;C:\WINDOWS\System32\OpenSSH\;C:\Program Files (x86)\QuickTime\QTSystem\;C:\Program Files\Git\cmd;C:\Users\loren\AppData\Local\Microsoft\WindowsApps;;C:\Program Files\JetBrains\IntelliJ IDEA Community Edition 2022.2.1\bin;;C:\Program Files\Java\jre-1.8\bin
JRE paths:	;C:\Program Files (x86)\Common Files\Oracle\Java\javapath;C:\Program Files\Zulu\zulu-17\bin\;C:\WINDOWS\system32;C:\WINDOWS;C:\WINDOWS\System32\Wbem;C:\WINDOWS\System32\WindowsPowerShell\v1.0\;C:\WINDOWS\System32\OpenSSH\;C:\Program Files (x86)\QuickTime\QTSystem\;C:\Program Files\Git\cmd;C:\Users\loren\AppData\Local\Microsoft\WindowsApps;;C:\Program Files\JetBrains\IntelliJ IDEA Community Edition 2022.2.1\bin;;C:\Program Files\Java\jre-1.8\bin
Check launcher:	C:\Program Files (x86)\Common Files\Oracle\Java\javapath\bin\javaw.exe (not found)
Check launcher:	C:\Program Files\Zulu\zulu-17\bin\bin\javaw.exe (not found)
Check launcher:	C:\WINDOWS\system32\bin\javaw.exe (not found)
Check launcher:	C:\WINDOWS\bin\javaw.exe (not found)
Check launcher:	C:\WINDOWS\System32\Wbem\bin\javaw.exe (not found)
Check launcher:	C:\WINDOWS\System32\WindowsPowerShell\v1.0\bin\javaw.exe (not found)
Check launcher:	C:\WINDOWS\System32\OpenSSH\bin\javaw.exe (not found)
Check launcher:	C:\Program Files (x86)\QuickTime\QTSystem\bin\javaw.exe (not found)
Check launcher:	C:\Program Files\Git\cmd\bin\javaw.exe (not found)
Check launcher:	C:\Users\loren\AppData\Local\Microsoft\WindowsApps\bin\javaw.exe (not found)
Check launcher:	C:\Program Files\JetBrains\IntelliJ IDEA Community Edition 2022.2.1\bin\javaw.exe (not found)
Check launcher:	C:\Program Files\Java\jre-1.8\bin\javaw.exe (OK)
Version string: 1.008.000_381 / 64-Bit (OK)
Launcher:	C:\Program Files\Java\jre-1.8\bin\javaw.exe
Launcher args:	-jar "C:\Users\loren\IdeaProjects\Roulering\out\artifacts\Roulering_jar\Roulering.exe"
Args length:	86/32768 chars
Exit code:	0


Version:	3.50
CmdLine:	C:\Users\loren\IdeaProjects\Roulering\out\artifacts\Roulering_jar\Roulering.exe --l4j-debug
JNI:		No
WOW64:		Yes
Working dir:	C:\Users\loren\IdeaProjects\Roulering\out\artifacts\Roulering_jar\.
Requires JDK:	No
Requires 64-Bit: No
Java min ver:	
Java max ver:	
Substitute:	JAVA_HOME = 
Substitute:	PATH = C:\Program Files (x86)\Common Files\Oracle\Java\javapath;C:\Program Files\Zulu\zulu-17\bin\;C:\WINDOWS\system32;C:\WINDOWS;C:\WINDOWS\System32\Wbem;C:\WINDOWS\System32\WindowsPowerShell\v1.0\;C:\WINDOWS\System32\OpenSSH\;C:\Program Files (x86)\QuickTime\QTSystem\;C:\Program Files\Git\cmd;C:\Users\loren\AppData\Local\Microsoft\WindowsApps;;C:\Program Files\JetBrains\IntelliJ IDEA Community Edition 2022.2.1\bin;;C:\Program Files\Java\jre-1.8\bin
JRE paths:	;C:\Program Files (x86)\Common Files\Oracle\Java\javapath;C:\Program Files\Zulu\zulu-17\bin\;C:\WINDOWS\system32;C:\WINDOWS;C:\WINDOWS\System32\Wbem;C:\WINDOWS\System32\WindowsPowerShell\v1.0\;C:\WINDOWS\System32\OpenSSH\;C:\Program Files (x86)\QuickTime\QTSystem\;C:\Program Files\Git\cmd;C:\Users\loren\AppData\Local\Microsoft\WindowsApps;;C:\Program Files\JetBrains\IntelliJ IDEA Community Edition 2022.2.1\bin;;C:\Program Files\Java\jre-1.8\bin
Check launcher:	C:\Program Files (x86)\Common Files\Oracle\Java\javapath\bin\javaw.exe (not found)
Check launcher:	C:\Program Files\Zulu\zulu-17\bin\bin\javaw.exe (not found)
Check launcher:	C:\WINDOWS\system32\bin\javaw.exe (not found)
Check launcher:	C:\WINDOWS\bin\javaw.exe (not found)
Check launcher:	C:\WINDOWS\System32\Wbem\bin\javaw.exe (not found)
Check launcher:	C:\WINDOWS\System32\WindowsPowerShell\v1.0\bin\javaw.exe (not found)
Check launcher:	C:\WINDOWS\System32\OpenSSH\bin\javaw.exe (not found)
Check launcher:	C:\Program Files (x86)\QuickTime\QTSystem\bin\javaw.exe (not found)
Check launcher:	C:\Program Files\Git\cmd\bin\javaw.exe (not found)
Check launcher:	C:\Users\loren\AppData\Local\Microsoft\WindowsApps\bin\javaw.exe (not found)
Check launcher:	C:\Program Files\JetBrains\IntelliJ IDEA Community Edition 2022.2.1\bin\javaw.exe (not found)
Check launcher:	C:\Program Files\Java\jre-1.8\bin\javaw.exe (OK)
Version string: 1.008.000_381 / 64-Bit (OK)
Launcher:	C:\Program Files\Java\jre-1.8\bin\javaw.exe
Launcher args:	-jar "C:\Users\loren\IdeaProjects\Roulering\out\artifacts\Roulering_jar\Roulering.exe"
Args length:	86/32768 chars
Exit code:	0


Version:	3.50
CmdLine:	C:\Users\loren\IdeaProjects\Roulering\out\artifacts\Roulering_jar\Roulering.exe --l4j-debug
JNI:		No
WOW64:		Yes
Working dir:	C:\Users\loren\IdeaProjects\Roulering\out\artifacts\Roulering_jar\.
Requires JDK:	No
Requires 64-Bit: No
Java min ver:	
Java max ver:	
Substitute:	JAVA_HOME = 
Substitute:	PATH = C:\Program Files (x86)\Common Files\Oracle\Java\javapath;C:\Program Files\Zulu\zulu-17\bin\;C:\WINDOWS\system32;C:\WINDOWS;C:\WINDOWS\System32\Wbem;C:\WINDOWS\System32\WindowsPowerShell\v1.0\;C:\WINDOWS\System32\OpenSSH\;C:\Program Files (x86)\QuickTime\QTSystem\;C:\Program Files\Git\cmd;C:\Users\loren\AppData\Local\Microsoft\WindowsApps;;C:\Program Files\JetBrains\IntelliJ IDEA Community Edition 2022.2.1\bin;;C:\Program Files\Java\jre-1.8\bin
JRE paths:	;C:\Program Files (x86)\Common Files\Oracle\Java\javapath;C:\Program Files\Zulu\zulu-17\bin\;C:\WINDOWS\system32;C:\WINDOWS;C:\WINDOWS\System32\Wbem;C:\WINDOWS\System32\WindowsPowerShell\v1.0\;C:\WINDOWS\System32\OpenSSH\;C:\Program Files (x86)\QuickTime\QTSystem\;C:\Program Files\Git\cmd;C:\Users\loren\AppData\Local\Microsoft\WindowsApps;;C:\Program Files\JetBrains\IntelliJ IDEA Community Edition 2022.2.1\bin;;C:\Program Files\Java\jre-1.8\bin
Check launcher:	C:\Program Files (x86)\Common Files\Oracle\Java\javapath\bin\javaw.exe (not found)
Check launcher:	C:\Program Files\Zulu\zulu-17\bin\bin\javaw.exe (not found)
Check launcher:	C:\WINDOWS\system32\bin\javaw.exe (not found)
Check launcher:	C:\WINDOWS\bin\javaw.exe (not found)
Check launcher:	C:\WINDOWS\System32\Wbem\bin\javaw.exe (not found)
Check launcher:	C:\WINDOWS\System32\WindowsPowerShell\v1.0\bin\javaw.exe (not found)
Check launcher:	C:\WINDOWS\System32\OpenSSH\bin\javaw.exe (not found)
Check launcher:	C:\Program Files (x86)\QuickTime\QTSystem\bin\javaw.exe (not found)
Check launcher:	C:\Program Files\Git\cmd\bin\javaw.exe (not found)
Check launcher:	C:\Users\loren\AppData\Local\Microsoft\WindowsApps\bin\javaw.exe (not found)
Check launcher:	C:\Program Files\JetBrains\IntelliJ IDEA Community Edition 2022.2.1\bin\javaw.exe (not found)
Check launcher:	C:\Program Files\Java\jre-1.8\bin\javaw.exe (OK)
Version string: 1.008.000_381 / 64-Bit (OK)
Launcher:	C:\Program Files\Java\jre-1.8\bin\javaw.exe
Launcher args:	-jar "C:\Users\loren\IdeaProjects\Roulering\out\artifacts\Roulering_jar\Roulering.exe"
Args length:	86/32768 chars
Exit code:	0


Version:	3.50
CmdLine:	C:\Users\loren\IdeaProjects\Roulering\out\artifacts\Roulering_jar\Roulering.exe --l4j-debug
JNI:		No
WOW64:		Yes
Working dir:	C:\Users\loren\IdeaProjects\Roulering\out\artifacts\Roulering_jar\.
Requires JDK:	No
Requires 64-Bit: No
Java min ver:	
Java max ver:	
Substitute:	JAVA_HOME = 
Substitute:	PATH = C:\Program Files (x86)\Common Files\Oracle\Java\javapath;C:\Program Files\Zulu\zulu-17\bin\;C:\WINDOWS\system32;C:\WINDOWS;C:\WINDOWS\System32\Wbem;C:\WINDOWS\System32\WindowsPowerShell\v1.0\;C:\WINDOWS\System32\OpenSSH\;C:\Program Files (x86)\QuickTime\QTSystem\;C:\Program Files\Git\cmd;C:\Users\loren\AppData\Local\Microsoft\WindowsApps;;C:\Program Files\JetBrains\IntelliJ IDEA Community Edition 2022.2.1\bin;;C:\Program Files\Java\jre-1.8\bin
JRE paths:	;C:\Program Files (x86)\Common Files\Oracle\Java\javapath;C:\Program Files\Zulu\zulu-17\bin\;C:\WINDOWS\system32;C:\WINDOWS;C:\WINDOWS\System32\Wbem;C:\WINDOWS\System32\WindowsPowerShell\v1.0\;C:\WINDOWS\System32\OpenSSH\;C:\Program Files (x86)\QuickTime\QTSystem\;C:\Program Files\Git\cmd;C:\Users\loren\AppData\Local\Microsoft\WindowsApps;;C:\Program Files\JetBrains\IntelliJ IDEA Community Edition 2022.2.1\bin;;C:\Program Files\Java\jre-1.8\bin
Check launcher:	C:\Program Files (x86)\Common Files\Oracle\Java\javapath\bin\javaw.exe (not found)
Check launcher:	C:\Program Files\Zulu\zulu-17\bin\bin\javaw.exe (not found)
Check launcher:	C:\WINDOWS\system32\bin\javaw.exe (not found)
Check launcher:	C:\WINDOWS\bin\javaw.exe (not found)
Check launcher:	C:\WINDOWS\System32\Wbem\bin\javaw.exe (not found)
Check launcher:	C:\WINDOWS\System32\WindowsPowerShell\v1.0\bin\javaw.exe (not found)
Check launcher:	C:\WINDOWS\System32\OpenSSH\bin\javaw.exe (not found)
Check launcher:	C:\Program Files (x86)\QuickTime\QTSystem\bin\javaw.exe (not found)
Check launcher:	C:\Program Files\Git\cmd\bin\javaw.exe (not found)
Check launcher:	C:\Users\loren\AppData\Local\Microsoft\WindowsApps\bin\javaw.exe (not found)
Check launcher:	C:\Program Files\JetBrains\IntelliJ IDEA Community Edition 2022.2.1\bin\javaw.exe (not found)
Check launcher:	C:\Program Files\Java\jre-1.8\bin\javaw.exe (OK)
Version string: 1.008.000_381 / 64-Bit (OK)
Launcher:	C:\Program Files\Java\jre-1.8\bin\javaw.exe
Launcher args:	-jar "C:\Users\loren\IdeaProjects\Roulering\out\artifacts\Roulering_jar\Roulering.exe"
Args length:	86/32768 chars
Exit code:	0


Version:	3.50
CmdLine:	C:\Users\loren\IdeaProjects\Roulering\out\artifacts\Roulering_jar\Roulering.exe --l4j-debug
JNI:		No
WOW64:		Yes
Working dir:	C:\Users\loren\IdeaProjects\Roulering\out\artifacts\Roulering_jar\.
Requires JDK:	No
Requires 64-Bit: No
Java min ver:	
Java max ver:	
Substitute:	JAVA_HOME = 
Substitute:	PATH = C:\Program Files (x86)\Common Files\Oracle\Java\javapath;C:\Program Files\Zulu\zulu-17\bin\;C:\WINDOWS\system32;C:\WINDOWS;C:\WINDOWS\System32\Wbem;C:\WINDOWS\System32\WindowsPowerShell\v1.0\;C:\WINDOWS\System32\OpenSSH\;C:\Program Files (x86)\QuickTime\QTSystem\;C:\Program Files\Git\cmd;C:\Users\loren\AppData\Local\Microsoft\WindowsApps;;C:\Program Files\JetBrains\IntelliJ IDEA Community Edition 2022.2.1\bin;;C:\Program Files\Java\jre-1.8\bin
JRE paths:	;C:\Program Files (x86)\Common Files\Oracle\Java\javapath;C:\Program Files\Zulu\zulu-17\bin\;C:\WINDOWS\system32;C:\WINDOWS;C:\WINDOWS\System32\Wbem;C:\WINDOWS\System32\WindowsPowerShell\v1.0\;C:\WINDOWS\System32\OpenSSH\;C:\Program Files (x86)\QuickTime\QTSystem\;C:\Program Files\Git\cmd;C:\Users\loren\AppData\Local\Microsoft\WindowsApps;;C:\Program Files\JetBrains\IntelliJ IDEA Community Edition 2022.2.1\bin;;C:\Program Files\Java\jre-1.8\bin
Check launcher:	C:\Program Files (x86)\Common Files\Oracle\Java\javapath\bin\javaw.exe (not found)
Check launcher:	C:\Program Files\Zulu\zulu-17\bin\bin\javaw.exe (not found)
Check launcher:	C:\WINDOWS\system32\bin\javaw.exe (not found)
Check launcher:	C:\WINDOWS\bin\javaw.exe (not found)
Check launcher:	C:\WINDOWS\System32\Wbem\bin\javaw.exe (not found)
Check launcher:	C:\WINDOWS\System32\WindowsPowerShell\v1.0\bin\javaw.exe (not found)
Check launcher:	C:\WINDOWS\System32\OpenSSH\bin\javaw.exe (not found)
Check launcher:	C:\Program Files (x86)\QuickTime\QTSystem\bin\javaw.exe (not found)
Check launcher:	C:\Program Files\Git\cmd\bin\javaw.exe (not found)
Check launcher:	C:\Users\loren\AppData\Local\Microsoft\WindowsApps\bin\javaw.exe (not found)
Check launcher:	C:\Program Files\JetBrains\IntelliJ IDEA Community Edition 2022.2.1\bin\javaw.exe (not found)
Check launcher:	C:\Program Files\Java\jre-1.8\bin\javaw.exe (OK)
Version string: 1.008.000_381 / 64-Bit (OK)
Launcher:	C:\Program Files\Java\jre-1.8\bin\javaw.exe
Launcher args:	-jar "C:\Users\loren\IdeaProjects\Roulering\out\artifacts\Roulering_jar\Roulering.exe"
Args length:	86/32768 chars
Exit code:	0


Version:	3.50
CmdLine:	C:\Users\loren\IdeaProjects\Roulering\out\artifacts\Roulering_jar\Roulering.exe --l4j-debug
JNI:		No
WOW64:		Yes
Working dir:	C:\Users\loren\IdeaProjects\Roulering\out\artifacts\Roulering_jar\.
Requires JDK:	No
Requires 64-Bit: No
Java min ver:	
Java max ver:	
JRE paths:	C:\Program Files\Java\jre-1.8\bin
Check launcher:	C:\Program Files\Java\jre-1.8\bin\javaw.exe (OK)
Version string: 1.008.000_381 / 64-Bit (OK)
Launcher:	C:\Program Files\Java\jre-1.8\bin\javaw.exe
Launcher args:	-jar "C:\Users\loren\IdeaProjects\Roulering\out\artifacts\Roulering_jar\Roulering.exe"
Args length:	86/32768 chars
Exit code:	0


Version:	3.50
CmdLine:	C:\Users\loren\IdeaProjects\Roulering\out\artifacts\Roulering_jar\Roulering.exe --l4j-debug
JNI:		No
WOW64:		Yes
Working dir:	C:\Users\loren\IdeaProjects\Roulering\out\artifacts\Roulering_jar\.
Requires JDK:	No
Requires 64-Bit: No
Java min ver:	
Java max ver:	
JRE paths:	C:\Program Files\Java\jre-1.8\bin
Check launcher:	C:\Program Files\Java\jre-1.8\bin\javaw.exe (OK)
Version string: 1.008.000_381 / 64-Bit (OK)
Launcher:	C:\Program Files\Java\jre-1.8\bin\javaw.exe
Launcher args:	-jar "C:\Users\loren\IdeaProjects\Roulering\out\artifacts\Roulering_jar\Roulering.exe"
Args length:	86/32768 chars
Exit code:	0


Version:	3.50
CmdLine:	C:\Users\loren\IdeaProjects\Roulering\out\artifacts\Roulering_jar\Roulering.exe --l4j-debug
JNI:		No
WOW64:		Yes
Working dir:	C:\Users\loren\IdeaProjects\Roulering\out\artifacts\Roulering_jar\.
Requires JDK:	No
Requires 64-Bit: No
Java min ver:	
Java max ver:	
JRE paths:	C:\Program Files\Java\jre-1.8\bin
Check launcher:	C:\Program Files\Java\jre-1.8\bin\javaw.exe (OK)
Version string: 1.008.000_381 / 64-Bit (OK)
Launcher:	C:\Program Files\Java\jre-1.8\bin\javaw.exe
Launcher args:	-jar "C:\Users\loren\IdeaProjects\Roulering\out\artifacts\Roulering_jar\Roulering.exe"
Args length:	86/32768 chars
Exit code:	0


Version:	3.50
CmdLine:	C:\Users\loren\IdeaProjects\Roulering\out\artifacts\Roulering_jar\Roulering.exe --l4j-debug
JNI:		No
WOW64:		Yes
Working dir:	C:\Users\loren\IdeaProjects\Roulering\out\artifacts\Roulering_jar\.
Requires JDK:	No
Requires 64-Bit: No
Java min ver:	
Java max ver:	
JRE paths:	C:\Program Files\Java\jre-1.8\bin
Check launcher:	C:\Program Files\Java\jre-1.8\bin\javaw.exe (OK)
Version string: 1.008.000_381 / 64-Bit (OK)
Launcher:	C:\Program Files\Java\jre-1.8\bin\javaw.exe
Launcher args:	-jar "C:\Users\loren\IdeaProjects\Roulering\out\artifacts\Roulering_jar\Roulering.exe"
Args length:	86/32768 chars
Exit code:	0
